\BOOKMARK [1][-]{section.1}{\376\377\000F\000\363\000r\000m\000u\000l\000a\000s\000\040\000d\000a\000\040\000C\000i\000n\000e\000m\000\341\000t\000i\000c\000a}{}% 1
\BOOKMARK [2][-]{subsection.1.1}{\376\377\000M\000o\000v\000i\000m\000e\000n\000t\000o\000\040\000R\000e\000t\000i\000l\000\355\000n\000e\000o\000\040\000U\000n\000i\000f\000o\000r\000m\000e\000\040\000\050\000M\000R\000U\000\051}{section.1}% 2
\BOOKMARK [3][-]{subsubsection.1.1.1}{\376\377\000V\000e\000l\000o\000c\000i\000d\000a\000d\000e\000\040\000m\000\351\000d\000i\000a}{subsection.1.1}% 3
\BOOKMARK [3][-]{subsubsection.1.1.2}{\376\377\000F\000u\000n\000\347\000\343\000o\000\040\000h\000o\000r\000\341\000r\000i\000a\000\040\000d\000a\000\040\000p\000o\000s\000i\000\347\000\343\000o}{subsection.1.1}% 4
\BOOKMARK [2][-]{subsection.1.2}{\376\377\000M\000o\000v\000i\000m\000e\000n\000t\000o\000\040\000R\000e\000t\000i\000l\000\355\000n\000e\000o\000\040\000U\000n\000i\000f\000o\000r\000m\000e\000m\000e\000n\000t\000e\000\040\000V\000a\000r\000i\000a\000d\000o\000\040\000\050\000M\000R\000U\000V\000\051}{section.1}% 5
\BOOKMARK [3][-]{subsubsection.1.2.1}{\376\377\000A\000c\000e\000l\000e\000r\000a\000\347\000\343\000o\000\040\000m\000\351\000d\000i\000a}{subsection.1.2}% 6
\BOOKMARK [3][-]{subsubsection.1.2.2}{\376\377\000F\000u\000n\000\347\000\343\000o\000\040\000h\000o\000r\000\341\000r\000i\000a\000\040\000d\000a\000\040\000v\000e\000l\000o\000c\000i\000d\000a\000d\000e}{subsection.1.2}% 7
\BOOKMARK [3][-]{subsubsection.1.2.3}{\376\377\000F\000u\000n\000\347\000\343\000o\000\040\000h\000o\000r\000\341\000r\000i\000a\000\040\000d\000a\000\040\000p\000o\000s\000i\000\347\000\343\000o}{subsection.1.2}% 8
\BOOKMARK [3][-]{subsubsection.1.2.4}{\376\377\000E\000q\000u\000a\000\347\000\343\000o\000\040\000d\000e\000\040\000T\000o\000r\000r\000i\000c\000e\000l\000l\000i}{subsection.1.2}% 9
\BOOKMARK [2][-]{subsection.1.3}{\376\377\000Q\000u\000e\000d\000a\000\040\000L\000i\000v\000r\000e}{section.1}% 10
\BOOKMARK [3][-]{subsubsection.1.3.1}{\376\377\000V\000e\000l\000o\000c\000i\000d\000a\000d\000e}{subsection.1.3}% 11
\BOOKMARK [3][-]{subsubsection.1.3.2}{\376\377\000A\000l\000t\000u\000r\000a\000\040\000\050\000p\000o\000s\000i\000\347\000\343\000o\000\051}{subsection.1.3}% 12
\BOOKMARK [3][-]{subsubsection.1.3.3}{\376\377\000E\000q\000u\000a\000\347\000\343\000o\000\040\000d\000e\000\040\000T\000o\000r\000r\000i\000c\000e\000l\000l\000i}{subsection.1.3}% 13
\BOOKMARK [2][-]{subsection.1.4}{\376\377\000L\000a\000n\000\347\000a\000m\000e\000n\000t\000o\000\040\000V\000e\000r\000t\000i\000c\000a\000l}{section.1}% 14
\BOOKMARK [3][-]{subsubsection.1.4.1}{\376\377\000V\000e\000l\000o\000c\000i\000d\000a\000d\000e}{subsection.1.4}% 15
\BOOKMARK [3][-]{subsubsection.1.4.2}{\376\377\000P\000o\000s\000i\000\347\000\343\000o}{subsection.1.4}% 16
\BOOKMARK [3][-]{subsubsection.1.4.3}{\376\377\000E\000q\000u\000a\000\347\000\343\000o\000\040\000d\000e\000\040\000T\000o\000r\000r\000i\000c\000e\000l\000l\000i}{subsection.1.4}% 17
\BOOKMARK [2][-]{subsection.1.5}{\376\377\000L\000a\000n\000\347\000a\000m\000e\000n\000t\000o\000\040\000H\000o\000r\000i\000z\000o\000n\000t\000a\000l}{section.1}% 18
\BOOKMARK [3][-]{subsubsection.1.5.1}{\376\377\000P\000o\000s\000i\000\347\000\343\000o\000\040\000h\000o\000r\000i\000z\000o\000n\000t\000a\000l}{subsection.1.5}% 19
\BOOKMARK [3][-]{subsubsection.1.5.2}{\376\377\000M\000o\000v\000i\000m\000e\000n\000t\000o\000\040\000v\000e\000r\000t\000i\000c\000a\000l}{subsection.1.5}% 20
\BOOKMARK [3][-]{subsubsection.1.5.3}{\376\377\000V\000e\000l\000o\000c\000i\000d\000a\000d\000e\000s}{subsection.1.5}% 21
\BOOKMARK [2][-]{subsection.1.6}{\376\377\000L\000a\000n\000\347\000a\000m\000e\000n\000t\000o\000\040\000O\000b\000l\000\355\000q\000u\000o}{section.1}% 22
\BOOKMARK [3][-]{subsubsection.1.6.1}{\376\377\000C\000o\000m\000p\000o\000n\000e\000n\000t\000e\000s\000\040\000d\000a\000\040\000v\000e\000l\000o\000c\000i\000d\000a\000d\000e\000\040\000i\000n\000i\000c\000i\000a\000l}{subsection.1.6}% 23
\BOOKMARK [3][-]{subsubsection.1.6.2}{\376\377\000M\000o\000v\000i\000m\000e\000n\000t\000o\000\040\000h\000o\000r\000i\000z\000o\000n\000t\000a\000l}{subsection.1.6}% 24
\BOOKMARK [3][-]{subsubsection.1.6.3}{\376\377\000M\000o\000v\000i\000m\000e\000n\000t\000o\000\040\000v\000e\000r\000t\000i\000c\000a\000l}{subsection.1.6}% 25
\BOOKMARK [3][-]{subsubsection.1.6.4}{\376\377\000V\000e\000l\000o\000c\000i\000d\000a\000d\000e\000\040\000v\000e\000r\000t\000i\000c\000a\000l}{subsection.1.6}% 26
\BOOKMARK [3][-]{subsubsection.1.6.5}{\376\377\000T\000e\000m\000p\000o\000\040\000d\000e\000\040\000s\000u\000b\000i\000d\000a}{subsection.1.6}% 27
\BOOKMARK [3][-]{subsubsection.1.6.6}{\376\377\000A\000l\000t\000u\000r\000a\000\040\000m\000\341\000x\000i\000m\000a}{subsection.1.6}% 28
\BOOKMARK [3][-]{subsubsection.1.6.7}{\376\377\000T\000e\000m\000p\000o\000\040\000t\000o\000t\000a\000l\000\040\000d\000e\000\040\000v\000o\000o}{subsection.1.6}% 29
\BOOKMARK [3][-]{subsubsection.1.6.8}{\376\377\000A\000l\000c\000a\000n\000c\000e\000\040\000h\000o\000r\000i\000z\000o\000n\000t\000a\000l}{subsection.1.6}% 30
\BOOKMARK [3][-]{subsubsection.1.6.9}{\376\377\000R\000e\000l\000a\000\347\000\343\000o\000\040\000d\000o\000\040\000a\000l\000c\000a\000n\000c\000e}{subsection.1.6}% 31
\BOOKMARK [2][-]{subsection.1.7}{\376\377\000M\000o\000v\000i\000m\000e\000n\000t\000o\000\040\000C\000i\000r\000c\000u\000l\000a\000r\000\040\000U\000n\000i\000f\000o\000r\000m\000e\000\040\000\050\000M\000C\000U\000\051}{section.1}% 32
\BOOKMARK [3][-]{subsubsection.1.7.1}{\376\377\000D\000e\000s\000l\000o\000c\000a\000m\000e\000n\000t\000o\000\040\000a\000n\000g\000u\000l\000a\000r}{subsection.1.7}% 33
\BOOKMARK [3][-]{subsubsection.1.7.2}{\376\377\000V\000e\000l\000o\000c\000i\000d\000a\000d\000e\000\040\000a\000n\000g\000u\000l\000a\000r}{subsection.1.7}% 34
\BOOKMARK [3][-]{subsubsection.1.7.3}{\376\377\000F\000u\000n\000\347\000\343\000o\000\040\000h\000o\000r\000\341\000r\000i\000a\000\040\000d\000a\000\040\000p\000o\000s\000i\000\347\000\343\000o}{subsection.1.7}% 35
\BOOKMARK [3][-]{subsubsection.1.7.4}{\376\377\000R\000e\000l\000a\000\347\000\343\000o\000\040\000e\000n\000t\000r\000e\000\040\000g\000r\000a\000n\000d\000e\000z\000a\000s\000\040\000l\000i\000n\000e\000a\000r\000e\000s\000\040\000e\000\040\000a\000n\000g\000u\000l\000a\000r\000e\000s}{subsection.1.7}% 36
\BOOKMARK [3][-]{subsubsection.1.7.5}{\376\377\000A\000c\000e\000l\000e\000r\000a\000\347\000\343\000o\000\040\000c\000e\000n\000t\000r\000\355\000p\000e\000t\000a}{subsection.1.7}% 37
\BOOKMARK [2][-]{subsection.1.8}{\376\377\000M\000o\000v\000i\000m\000e\000n\000t\000o\000\040\000C\000i\000r\000c\000u\000l\000a\000r\000\040\000U\000n\000i\000f\000o\000r\000m\000e\000m\000e\000n\000t\000e\000\040\000V\000a\000r\000i\000a\000d\000o\000\040\000\050\000M\000C\000U\000V\000\051}{section.1}% 38
\BOOKMARK [3][-]{subsubsection.1.8.1}{\376\377\000A\000c\000e\000l\000e\000r\000a\000\347\000\343\000o\000\040\000a\000n\000g\000u\000l\000a\000r}{subsection.1.8}% 39
\BOOKMARK [3][-]{subsubsection.1.8.2}{\376\377\000F\000u\000n\000\347\000\343\000o\000\040\000h\000o\000r\000\341\000r\000i\000a\000\040\000d\000a\000\040\000v\000e\000l\000o\000c\000i\000d\000a\000d\000e\000\040\000a\000n\000g\000u\000l\000a\000r}{subsection.1.8}% 40
\BOOKMARK [3][-]{subsubsection.1.8.3}{\376\377\000F\000u\000n\000\347\000\343\000o\000\040\000h\000o\000r\000\341\000r\000i\000a\000\040\000d\000a\000\040\000p\000o\000s\000i\000\347\000\343\000o\000\040\000a\000n\000g\000u\000l\000a\000r}{subsection.1.8}% 41
\BOOKMARK [3][-]{subsubsection.1.8.4}{\376\377\000E\000q\000u\000a\000\347\000\343\000o\000\040\000d\000e\000\040\000T\000o\000r\000r\000i\000c\000e\000l\000l\000i\000\040\000a\000n\000g\000u\000l\000a\000r}{subsection.1.8}% 42
\BOOKMARK [1][-]{section.2}{\376\377\000A\000c\000e\000l\000e\000r\000a\000\347\000\343\000o\000\040\000C\000e\000n\000t\000r\000\355\000p\000e\000t\000a}{}% 43
\BOOKMARK [1][-]{section.3}{\376\377\000T\000i\000p\000o\000s\000\040\000d\000e\000\040\000C\000i\000n\000e\000m\000\341\000t\000i\000c\000a}{}% 44
\BOOKMARK [1][-]{section.4}{\376\377\000T\000i\000p\000o\000s\000\040\000d\000e\000\040\000M\000o\000v\000i\000m\000e\000n\000t\000o\000\040\000n\000a\000\040\000C\000i\000n\000e\000m\000\341\000t\000i\000c\000a}{}% 45
\BOOKMARK [2][-]{subsection.4.1}{\376\377\000M\000o\000v\000i\000m\000e\000n\000t\000o\000\040\000R\000e\000t\000i\000l\000\355\000n\000e\000o\000\040\000U\000n\000i\000f\000o\000r\000m\000e\000\040\000\050\000M\000R\000U\000\051}{section.4}% 46
\BOOKMARK [2][-]{subsection.4.2}{\376\377\000M\000o\000v\000i\000m\000e\000n\000t\000o\000\040\000R\000e\000t\000i\000l\000\355\000n\000e\000o\000\040\000U\000n\000i\000f\000o\000r\000m\000e\000m\000e\000n\000t\000e\000\040\000V\000a\000r\000i\000a\000d\000o\000\040\000\050\000M\000R\000U\000V\000\051}{section.4}% 47
\BOOKMARK [2][-]{subsection.4.3}{\376\377\000M\000o\000v\000i\000m\000e\000n\000t\000o\000\040\000C\000i\000r\000c\000u\000l\000a\000r\000\040\000U\000n\000i\000f\000o\000r\000m\000e\000\040\000\050\000M\000C\000U\000\051}{section.4}% 48
\BOOKMARK [2][-]{subsection.4.4}{\376\377\000M\000o\000v\000i\000m\000e\000n\000t\000o\000\040\000C\000i\000r\000c\000u\000l\000a\000r\000\040\000U\000n\000i\000f\000o\000r\000m\000e\000m\000e\000n\000t\000e\000\040\000V\000a\000r\000i\000a\000d\000o\000\040\000\050\000M\000C\000U\000V\000\051}{section.4}% 49
\BOOKMARK [1][-]{section.5}{\376\377\000D\000i\000f\000e\000r\000e\000n\000\347\000a\000s\000\040\000e\000n\000t\000r\000e\000\040\000C\000i\000n\000e\000m\000\341\000t\000i\000c\000a\000\040\000e\000\040\000C\000i\000n\000\351\000t\000i\000c\000a}{}% 50
\BOOKMARK [1][-]{section.6}{\376\377\000C\000i\000n\000e\000m\000\341\000t\000i\000c\000a\000\040\000x\000\040\000D\000i\000n\000\342\000m\000i\000c\000a}{}% 51
\BOOKMARK [1][-]{section.7}{\376\377\000I\000m\000p\000o\000r\000t\000\342\000n\000c\000i\000a\000\040\000d\000a\000\040\000C\000i\000n\000e\000m\000\341\000t\000i\000c\000a}{}% 52
\BOOKMARK [1][-]{section.8}{\376\377\000E\000x\000e\000r\000c\000\355\000c\000i\000o\000s\000\040\000R\000e\000s\000o\000l\000v\000i\000d\000o\000s\000\040\000d\000e\000\040\000C\000i\000n\000e\000m\000\341\000t\000i\000c\000a}{}% 53
