\BOOKMARK [1][-]{section.1}{\376\377\000C\000i\000n\000e\000m\000\341\000t\000i\000c\000a}{}% 1
\BOOKMARK [2][-]{subsection.1.1}{\376\377\000C\000o\000n\000c\000e\000i\000t\000o\000s\000\040\000F\000u\000n\000d\000a\000m\000e\000n\000t\000a\000i\000s}{section.1}% 2
\BOOKMARK [2][-]{subsection.1.2}{\376\377\000M\000o\000v\000i\000m\000e\000n\000t\000o\000\040\000U\000n\000i\000f\000o\000r\000m\000e\000\040\000\050\000M\000U\000\051}{section.1}% 3
\BOOKMARK [2][-]{subsection.1.3}{\376\377\000M\000o\000v\000i\000m\000e\000n\000t\000o\000\040\000U\000n\000i\000f\000o\000r\000m\000e\000m\000e\000n\000t\000e\000\040\000V\000a\000r\000i\000a\000d\000o\000\040\000\050\000M\000U\000V\000\051}{section.1}% 4
\BOOKMARK [2][-]{subsection.1.4}{\376\377\000E\000x\000e\000r\000c\000\355\000c\000i\000o\000s}{section.1}% 5
\BOOKMARK [3][-]{subsubsection.1.4.1}{\376\377\000U\000m\000\040\000m\000\363\000v\000e\000l\000\040\000p\000a\000r\000t\000e\000\040\000d\000o\000\040\000r\000e\000p\000o\000u\000s\000o\000\040\000e\000\040\000p\000e\000r\000c\000o\000r\000r\000e\000\040\0001\0000\0000\000m\000\040\000e\000m\000\040\0001\0000\000s\000.\000\040\000D\000e\000t\000e\000r\000m\000i\000n\000e\000\040\000a\000\040\000a\000c\000e\000l\000e\000r\000a\000\347\000\343\000o\000.}{subsection.1.4}% 6
\BOOKMARK [3][-]{subsubsection.1.4.2}{\376\377\000U\000m\000\040\000c\000a\000r\000r\000o\000\040\000a\000\040\0007\0002\000k\000m\000/\000h\000\040\000p\000e\000r\000c\000o\000r\000r\000e\000\040\0001\0005\0000\000\040\000k\000m\000.\000\040\000C\000a\000l\000c\000u\000l\000e\000\040\000o\000\040\000t\000e\000m\000p\000o\000\040\000g\000a\000s\000t\000o\000.}{subsection.1.4}% 7
\BOOKMARK [3][-]{subsubsection.1.4.3}{\376\377\000U\000m\000\040\000c\000o\000r\000p\000o\000\040\000c\000o\000m\000\040\000v\0000\000\040\000=\000\040\0005\000m\000/\000s\000\040\000e\000\040\000a\000\040\000=\000\040\0002\000m\000/\000s\0002\000\040\000e\000n\000c\000o\000n\000t\000r\000a\000\040\000s\000u\000a\000\040\000v\000e\000l\000o\000c\000i\000d\000a\000d\000e\000\040\000a\000p\000\363\000s\000\040\0006\000\040\000s\000.}{subsection.1.4}% 8
\BOOKMARK [3][-]{subsubsection.1.4.4}{\376\377\000D\000e\000t\000e\000r\000m\000i\000n\000e\000\040\000o\000\040\000d\000e\000s\000l\000o\000c\000a\000m\000e\000n\000t\000o\000\040\000d\000e\000\040\000u\000m\000\040\000c\000o\000r\000p\000o\000\040\000q\000u\000e\000\040\000p\000a\000r\000t\000e\000\040\000d\000o\000\040\000r\000e\000p\000o\000u\000s\000o\000\040\000e\000\040\000a\000c\000e\000l\000e\000r\000a\000\040\000a\000\040\0003\000m\000/\000s\0002\000\040\000p\000o\000r\000\040\0004\000\040\000s\000.}{subsection.1.4}% 9
\BOOKMARK [3][-]{subsubsection.1.4.5}{\376\377\000\050\000A\000v\000a\000n\000\347\000a\000d\000o\000\051\000\040\000U\000m\000\040\000c\000o\000r\000p\000o\000\040\000e\000m\000\040\000M\000U\000V\000\040\000p\000a\000r\000t\000e\000\040\000d\000e\000\040\000v\0000\000\040\000=\000\040\0001\0000\000m\000/\000s\000\040\000e\000\040\000c\000h\000e\000g\000a\000\040\000a\000\040\000r\000e\000p\000o\000u\000s\000o\000\040\000a\000p\000\363\000s\000\040\0005\000\040\000s\000.\000\040\000C\000a\000l\000c\000u\000l\000e\000\040\000a\000\040\000d\000i\000s\000t\000\342\000n\000c\000i\000a\000\040\000p\000e\000r\000c\000o\000r\000r\000i\000d\000a\000.}{subsection.1.4}% 10
\BOOKMARK [1][-]{section.2}{\376\377\000L\000e\000i\000s\000\040\000d\000e\000\040\000N\000e\000w\000t\000o\000n\000\040\000\050\000D\000i\000n\000\342\000m\000i\000c\000a\000\051}{}% 11
\BOOKMARK [2][-]{subsection.2.1}{\376\377\000P\000r\000i\000m\000e\000i\000r\000a\000\040\000L\000e\000i\000\040\000d\000e\000\040\000N\000e\000w\000t\000o\000n\000\040\040\024\000\040\000P\000r\000i\000n\000c\000\355\000p\000i\000o\000\040\000d\000a\000\040\000I\000n\000\351\000r\000c\000i\000a}{section.2}% 12
\BOOKMARK [2][-]{subsection.2.2}{\376\377\000S\000e\000g\000u\000n\000d\000a\000\040\000L\000e\000i\000\040\000d\000e\000\040\000N\000e\000w\000t\000o\000n\000\040\040\024\000\040\000P\000r\000i\000n\000c\000\355\000p\000i\000o\000\040\000F\000u\000n\000d\000a\000m\000e\000n\000t\000a\000l\000\040\000d\000a\000\040\000D\000i\000n\000\342\000m\000i\000c\000a}{section.2}% 13
\BOOKMARK [2][-]{subsection.2.3}{\376\377\000T\000e\000r\000c\000e\000i\000r\000a\000\040\000L\000e\000i\000\040\000d\000e\000\040\000N\000e\000w\000t\000o\000n\000\040\040\024\000\040\000P\000r\000i\000n\000c\000\355\000p\000i\000o\000\040\000d\000a\000\040\000A\000\347\000\343\000o\000\040\000e\000\040\000R\000e\000a\000\347\000\343\000o}{section.2}% 14
\BOOKMARK [2][-]{subsection.2.4}{\376\377\000R\000e\000s\000u\000m\000o\000\040\000G\000e\000r\000a\000l}{section.2}% 15
\BOOKMARK [2][-]{subsection.2.5}{\376\377\000E\000x\000e\000r\000c\000\355\000c\000i\000o\000s}{section.2}% 16
\BOOKMARK [3][-]{subsubsection.2.5.1}{\376\377\000U\000m\000a\000\040\000f\000o\000r\000\347\000a\000\040\000d\000e\000\040\0002\0000\000N\000\040\000a\000t\000u\000a\000\040\000s\000o\000b\000r\000e\000\040\000u\000m\000\040\000c\000o\000r\000p\000o\000\040\000d\000e\000\040\0004\000k\000g\000.\000\040\000C\000a\000l\000c\000u\000l\000e\000\040\000a\000\040\000a\000c\000e\000l\000e\000r\000a\000\347\000\343\000o\000.}{subsection.2.5}% 17
\BOOKMARK [3][-]{subsubsection.2.5.2}{\376\377\000Q\000u\000a\000l\000\040\000\351\000\040\000a\000\040\000f\000o\000r\000\347\000a\000\040\000n\000e\000c\000e\000s\000s\000\341\000r\000i\000a\000\040\000p\000a\000r\000a\000\040\000a\000c\000e\000l\000e\000r\000a\000r\000\040\000u\000m\000\040\000c\000o\000r\000p\000o\000\040\000d\000e\000\040\0001\000.\0000\0000\0000\000k\000g\000\040\000a\000\040\0002\000m\000/\000s\0002\000?}{subsection.2.5}% 18
\BOOKMARK [3][-]{subsubsection.2.5.3}{\376\377\000U\000m\000\040\000c\000o\000r\000p\000o\000\040\000d\000e\000\040\0001\0000\000k\000g\000\040\000s\000o\000f\000r\000e\000\040\000f\000o\000r\000\347\000a\000s\000\040\000d\000e\000\040\0004\0000\000N\000\040\000p\000a\000r\000a\000\040\000a\000\040\000d\000i\000r\000e\000i\000t\000a\000\040\000e\000\040\0001\0000\000N\000\040\000p\000a\000r\000a\000\040\000a\000\040\000e\000s\000q\000u\000e\000r\000d\000a\000.\000\040\000D\000e\000t\000e\000r\000m\000i\000n\000e\000\040\000a\000\040\000a\000c\000e\000l\000e\000r\000a\000\347\000\343\000o\000.}{subsection.2.5}% 19
\BOOKMARK [3][-]{subsubsection.2.5.4}{\376\377\000U\000m\000\040\000c\000o\000r\000p\000o\000\040\000e\000m\000\040\000r\000e\000p\000o\000u\000s\000o\000\040\000s\000o\000f\000r\000e\000\040\000u\000m\000a\000\040\000f\000o\000r\000\347\000a\000\040\000r\000e\000s\000u\000l\000t\000a\000n\000t\000e\000\040\000c\000o\000n\000s\000t\000a\000n\000t\000e\000\040\000d\000e\000\040\0005\000N\000\040\000p\000o\000r\000\040\0003\000\040\000s\000.\000\040\000E\000n\000c\000o\000n\000t\000r\000e\000\040\000a\000\040\000v\000e\000l\000o\000c\000i\000d\000a\000d\000e\000\040\000f\000i\000n\000a\000l\000\040\000\050\000m\000a\000s\000s\000a\000\040\000=\000\040\0002\000k\000g\000\051\000.}{subsection.2.5}% 20
\BOOKMARK [3][-]{subsubsection.2.5.5}{\376\377\000\050\000A\000v\000a\000n\000\347\000a\000d\000o\000\051\000\040\000U\000m\000\040\000b\000l\000o\000c\000o\000\040\000d\000e\000\040\0005\000k\000g\000\040\000e\000s\000t\000\341\000\040\000s\000o\000b\000r\000e\000\040\000u\000m\000a\000\040\000s\000u\000p\000e\000r\000f\000\355\000c\000i\000e\000\040\000h\000o\000r\000i\000z\000o\000n\000t\000a\000l\000\040\000\050\000=\0000\000,\0002\000\051\000.\000\040\000D\000e\000t\000e\000r\000m\000i\000n\000e\000\040\000a\000\040\000f\000o\000r\000\347\000a\000\040\000n\000e\000c\000e\000s\000s\000\341\000r\000i\000a\000\040\000p\000a\000r\000a\000\040\000m\000o\000v\000e\000r\000\040\000o\000\040\000b\000l\000o\000c\000o\000\040\000c\000o\000m\000\040\000a\000c\000e\000l\000e\000r\000a\000\347\000\343\000o\000\040\0002\000m\000/\000s\0002\000.}{subsection.2.5}% 21
\BOOKMARK [1][-]{section.3}{\376\377\000G\000r\000a\000v\000i\000t\000a\000\347\000\343\000o\000\040\000U\000n\000i\000v\000e\000r\000s\000a\000l}{}% 22
\BOOKMARK [2][-]{subsection.3.1}{\376\377\000L\000e\000i\000\040\000d\000a\000\040\000G\000r\000a\000v\000i\000t\000a\000\347\000\343\000o\000\040\000U\000n\000i\000v\000e\000r\000s\000a\000l}{section.3}% 23
\BOOKMARK [2][-]{subsection.3.2}{\376\377\000A\000c\000e\000l\000e\000r\000a\000\347\000\343\000o\000\040\000d\000a\000\040\000G\000r\000a\000v\000i\000d\000a\000d\000e}{section.3}% 24
\BOOKMARK [2][-]{subsection.3.3}{\376\377\000E\000x\000e\000r\000c\000\355\000c\000i\000o\000s}{section.3}% 25
\BOOKMARK [3][-]{subsubsection.3.3.1}{\376\377\000C\000a\000l\000c\000u\000l\000e\000\040\000a\000\040\000f\000o\000r\000\347\000a\000\040\000g\000r\000a\000v\000i\000t\000a\000c\000i\000o\000n\000a\000l\000\040\000e\000n\000t\000r\000e\000\040\000d\000u\000a\000s\000\040\000m\000a\000s\000s\000a\000s\000\040\000d\000e\000\040\0005\000k\000g\000\040\000s\000e\000p\000a\000r\000a\000d\000a\000s\000\040\000p\000o\000r\000\040\0002\000m\000.}{subsection.3.3}% 26
\BOOKMARK [3][-]{subsubsection.3.3.2}{\376\377\000U\000m\000\040\000c\000o\000r\000p\000o\000\040\000d\000e\000\040\0008\0000\000k\000g\000\040\000t\000e\000m\000\040\000p\000e\000s\000o\000\040\000e\000m\000\040\000N\000\040\000n\000a\000\040\000T\000e\000r\000r\000a\000.\000\040\000C\000a\000l\000c\000u\000l\000e\000.}{subsection.3.3}% 27
\BOOKMARK [3][-]{subsubsection.3.3.3}{\376\377\000C\000o\000m\000p\000a\000r\000e\000\040\000o\000\040\000p\000e\000s\000o\000\040\000d\000e\000\040\000u\000m\000\040\000c\000o\000r\000p\000o\000\040\000d\000e\000\040\0001\0000\000k\000g\000\040\000n\000a\000\040\000T\000e\000r\000r\000a\000\040\000\050\000g\000=\0009\000,\0008\000\051\000\040\000e\000\040\000n\000a\000\040\000L\000u\000a\000\040\000\050\000g\000=\0001\000,\0006\000\051\000.}{subsection.3.3}% 28
\BOOKMARK [3][-]{subsubsection.3.3.4}{\376\377\000U\000m\000\040\000s\000a\000t\000\351\000l\000i\000t\000e\000\040\000o\000r\000b\000i\000t\000a\000\040\000a\000\040\000T\000e\000r\000r\000a\000\040\000a\000\040\000r\000\040\000=\000\040\0007\000,\0000\000\040\0001\0000\0006\000m\000.\000\040\000C\000a\000l\000c\000u\000l\000e\000\040\000a\000\040\000a\000c\000e\000l\000e\000r\000a\000\347\000\343\000o\000\040\000g\000r\000a\000v\000i\000t\000a\000c\000i\000o\000n\000a\000l\000\040\000l\000o\000c\000a\000l\000.}{subsection.3.3}% 29
\BOOKMARK [3][-]{subsubsection.3.3.5}{\376\377\000\050\000A\000v\000a\000n\000\347\000a\000d\000o\000\051\000\040\000D\000e\000t\000e\000r\000m\000i\000n\000e\000\040\000a\000\040\000m\000a\000s\000s\000a\000\040\000d\000a\000\040\000T\000e\000r\000r\000a\000\040\000s\000a\000b\000e\000n\000d\000o\000\040\000q\000u\000e\000\040\000g\000=\0009\000,\0008\000m\000/\000s\0002\000\040\000e\000\040\000r\000=\0006\000,\0003\0007\000\040\0001\0000\0006\000m\000.}{subsection.3.3}% 30
\BOOKMARK [1][-]{section.4}{\376\377\000T\000r\000a\000b\000a\000l\000h\000o\000\040\000e\000\040\000E\000n\000e\000r\000g\000i\000a}{}% 31
\BOOKMARK [2][-]{subsection.4.1}{\376\377\000T\000r\000a\000b\000a\000l\000h\000o\000\040\000d\000e\000\040\000u\000m\000a\000\040\000f\000o\000r\000\347\000a\000\040\000c\000o\000n\000s\000t\000a\000n\000t\000e}{section.4}% 32
\BOOKMARK [2][-]{subsection.4.2}{\376\377\000E\000n\000e\000r\000g\000i\000a\000\040\000C\000i\000n\000\351\000t\000i\000c\000a\000\040\000e\000\040\000P\000o\000t\000e\000n\000c\000i\000a\000l}{section.4}% 33
\BOOKMARK [2][-]{subsection.4.3}{\376\377\000T\000e\000o\000r\000e\000m\000a\000\040\000d\000a\000\040\000E\000n\000e\000r\000g\000i\000a\000\040\000C\000i\000n\000\351\000t\000i\000c\000a}{section.4}% 34
\BOOKMARK [2][-]{subsection.4.4}{\376\377\000E\000x\000e\000r\000c\000\355\000c\000i\000o\000s}{section.4}% 35
\BOOKMARK [1][-]{section.5}{\376\377\000S\000i\000s\000t\000e\000m\000a\000s\000\040\000C\000o\000n\000s\000e\000r\000v\000a\000t\000i\000v\000o\000s\000\040\000e\000\040\000N\000\343\000o\000\040\000C\000o\000n\000s\000e\000r\000v\000a\000t\000i\000v\000o\000s}{}% 36
\BOOKMARK [2][-]{subsection.5.1}{\376\377\000C\000o\000n\000s\000e\000r\000v\000a\000\347\000\343\000o\000\040\000d\000a\000\040\000E\000n\000e\000r\000g\000i\000a\000\040\000M\000e\000c\000\342\000n\000i\000c\000a}{section.5}% 37
\BOOKMARK [2][-]{subsection.5.2}{\376\377\000S\000i\000s\000t\000e\000m\000a\000s\000\040\000N\000\343\000o\000\040\000C\000o\000n\000s\000e\000r\000v\000a\000t\000i\000v\000o\000s}{section.5}% 38
\BOOKMARK [2][-]{subsection.5.3}{\376\377\000E\000x\000e\000r\000c\000\355\000c\000i\000o\000s}{section.5}% 39
\BOOKMARK [1][-]{section.6}{\376\377\000R\000e\000s\000o\000l\000u\000\347\000\365\000e\000s\000\040\000d\000o\000s\000\040\000E\000x\000e\000r\000c\000\355\000c\000i\000o\000s}{}% 40
\BOOKMARK [2][-]{subsection.6.1}{\376\377\000C\000i\000n\000e\000m\000\341\000t\000i\000c\000a}{section.6}% 41
\BOOKMARK [2][-]{subsection.6.2}{\376\377\000L\000e\000i\000s\000\040\000d\000e\000\040\000N\000e\000w\000t\000o\000n}{section.6}% 42
\BOOKMARK [2][-]{subsection.6.3}{\376\377\000G\000r\000a\000v\000i\000t\000a\000\347\000\343\000o}{section.6}% 43
\BOOKMARK [2][-]{subsection.6.4}{\376\377\000T\000r\000a\000b\000a\000l\000h\000o\000\040\000e\000\040\000E\000n\000e\000r\000g\000i\000a}{section.6}% 44
\BOOKMARK [2][-]{subsection.6.5}{\376\377\000S\000i\000s\000t\000e\000m\000a\000s\000\040\000C\000o\000n\000s\000e\000r\000v\000a\000t\000i\000v\000o\000s}{section.6}% 45
